Using pre-set license
Built from '2020.2/release' branch; Version is '2020.2.1f1 (270dd8c3da1c) revision 2559448'; Using compiler version '192528614'; Build Type 'Release'
OS: 'Windows 10  (10.0.0) 64bit' Language: 'fr' Physical Memory: 16227 MB
BatchMode: 1, IsHumanControllingUs: 0, StartBugReporterOnCrash: 0, Is64bit: 1, IsPro: 0

 COMMAND LINE ARGUMENTS:
C:\Unity\Projet\2020.2.1f1\Editor\Unity.exe
-adb2
-batchMode
-noUpm
-name
AssetImportWorker0
-projectPath
C:/Users/marty/Desktop/Unity/ProjectPFS1-2021
-logFile
Logs/AssetImportWorker0.log
-srvPort
52656
Successfully changed project path to: C:/Users/marty/Desktop/Unity/ProjectPFS1-2021
C:/Users/marty/Desktop/Unity/ProjectPFS1-2021
Using Asset Import Pipeline V2.
Refreshing native plugins compatible for Editor in 30.15 ms, found 0 plugins.
Preloading 0 native plugins for Editor in 0.00 ms.
Initialize engine version: 2020.2.1f1 (270dd8c3da1c)
[Subsystems] Discovering subsystems at path C:/Unity/Projet/2020.2.1f1/Editor/Data/Resources/UnitySubsystems
[Subsystems] Discovering subsystems at path C:/Users/marty/Desktop/Unity/ProjectPFS1-2021/Assets
GfxDevice: creating device client; threaded=0
Direct3D:
    Version:  Direct3D 11.0 [level 11.1]
    Renderer: NVIDIA GeForce RTX 2070 (ID=0x1f10)
    Vendor:   
    VRAM:     8031 MB
    Driver:   27.21.14.6140
Initialize mono
Mono path[0] = 'C:/Unity/Projet/2020.2.1f1/Editor/Data/Managed'
Mono path[1] = 'C:/Unity/Projet/2020.2.1f1/Editor/Data/MonoBleedingEdge/lib/mono/unityjit'
Mono config path = 'C:/Unity/Projet/2020.2.1f1/Editor/Data/MonoBleedingEdge/etc'
Using monoOptions --debugger-agent=transport=dt_socket,embedding=1,server=y,suspend=n,address=127.0.0.1:56968
Begin MonoManager ReloadAssembly
Registering precompiled unity dll's ...
Register platform support module: C:/Unity/Projet/2020.2.1f1/Editor/Data/PlaybackEngines/WindowsStandaloneSupport/UnityEditor.WindowsStandalone.Extensions.dll
Registered in 0.001932 seconds.
Native extension for WindowsStandalone target not found
Refreshing native plugins compatible for Editor in 29.19 ms, found 0 plugins.
Preloading 0 native plugins for Editor in 0.00 ms.
Invoked RoslynAnalysisRunner static constructor.
RoslynAnalysisRunner will not be running.
RoslynAnalysisRunner has terminated.
Mono: successfully reloaded assembly
- Completed reload, in  2.059 seconds
Platform modules already initialized, skipping
Registering precompiled user dll's ...
Registered in 0.000790 seconds.
Begin MonoManager ReloadAssembly
Native extension for WindowsStandalone target not found
Refreshing native plugins compatible for Editor in 0.21 ms, found 0 plugins.
Preloading 0 native plugins for Editor in 0.00 ms.
Invoked RoslynAnalysisRunner static constructor.
RoslynAnalysisRunner will not be running.
RoslynAnalysisRunner has terminated.
Mono: successfully reloaded assembly
- Completed reload, in  0.969 seconds
Platform modules already initialized, skipping
========================================================================
Worker process is ready to serve import requests
Launched and connected shader compiler UnityShaderCompiler.exe after 0.06 seconds
Refreshing native plugins compatible for Editor in 0.32 ms, found 0 plugins.
Preloading 0 native plugins for Editor in 0.00 ms.
Unloading 1242 Unused Serialized files (Serialized files now loaded: 0)
System memory in use before: 61.3 MB.
System memory in use after: 61.3 MB.

Unloading 11 unused Assets to reduce memory usage. Loaded Objects now: 1683.
Total: 1.706000 ms (FindLiveObjects: 0.123600 ms CreateObjectMapping: 0.040200 ms MarkObjects: 1.487000 ms  DeleteObjects: 0.054600 ms)

========================================================================
Received Import Request.
  path: Assets/Scripts/ThirdPersonMovement.cs
  artifactKey: Guid(c6b4faaa42db7d947b7d623c5e06b0d1) Importer(815301076,1909f56bfc062723c751e8b465ee728b)
Start importing Assets/Scripts/ThirdPersonMovement.cs using Guid(c6b4faaa42db7d947b7d623c5e06b0d1) Importer(815301076,1909f56bfc062723c751e8b465ee728b)  -> (artifact id: '77064b843aab237994a34e8859d79a6f') in 0.038960 seconds
  Import took 0.041783 seconds .

========================================================================
Received Prepare
Registering precompiled user dll's ...
Registered in 0.001003 seconds.
Begin MonoManager ReloadAssembly
Native extension for WindowsStandalone target not found
Refreshing native plugins compatible for Editor in 0.97 ms, found 0 plugins.
Preloading 0 native plugins for Editor in 0.00 ms.
Invoked RoslynAnalysisRunner static constructor.
RoslynAnalysisRunner will not be running.
RoslynAnalysisRunner has terminated.
Mono: successfully reloaded assembly
- Completed reload, in  1.220 seconds
Platform modules already initialized, skipping
Refreshing native plugins compatible for Editor in 0.42 ms, found 0 plugins.
Preloading 0 native plugins for Editor in 0.00 ms.
Unloading 1237 Unused Serialized files (Serialized files now loaded: 0)
System memory in use before: 61.4 MB.
System memory in use after: 61.5 MB.

Unloading 6 unused Assets to reduce memory usage. Loaded Objects now: 1686.
Total: 2.143200 ms (FindLiveObjects: 0.172400 ms CreateObjectMapping: 0.042800 ms MarkObjects: 1.874300 ms  DeleteObjects: 0.052300 ms)

========================================================================
Received Import Request.
  Time since last request: 70.759210 seconds.
  path: Assets/Scripts/ThirdPersonMovement.cs
  artifactKey: Guid(c6b4faaa42db7d947b7d623c5e06b0d1) Importer(815301076,1909f56bfc062723c751e8b465ee728b)
Start importing Assets/Scripts/ThirdPersonMovement.cs using Guid(c6b4faaa42db7d947b7d623c5e06b0d1) Importer(815301076,1909f56bfc062723c751e8b465ee728b)  -> (artifact id: 'bb2937c370669da5c0c3a985511bfa8b') in 0.005935 seconds
  Import took 0.008849 seconds .

========================================================================
Received Prepare
Registering precompiled user dll's ...
Registered in 0.000861 seconds.
Begin MonoManager ReloadAssembly
Native extension for WindowsStandalone target not found
Refreshing native plugins compatible for Editor in 0.40 ms, found 0 plugins.
Preloading 0 native plugins for Editor in 0.00 ms.
Invoked RoslynAnalysisRunner static constructor.
RoslynAnalysisRunner will not be running.
RoslynAnalysisRunner has terminated.
Mono: successfully reloaded assembly
- Completed reload, in  1.106 seconds
Platform modules already initialized, skipping
Refreshing native plugins compatible for Editor in 0.31 ms, found 0 plugins.
Preloading 0 native plugins for Editor in 0.00 ms.
Unloading 1236 Unused Serialized files (Serialized files now loaded: 0)
System memory in use before: 61.6 MB.
System memory in use after: 61.7 MB.

Unloading 6 unused Assets to reduce memory usage. Loaded Objects now: 1688.
Total: 2.061800 ms (FindLiveObjects: 0.167300 ms CreateObjectMapping: 0.047800 ms MarkObjects: 1.797500 ms  DeleteObjects: 0.048000 ms)

AssetImportWorkerClient::OnTransportError - code=2 error=End of file
